[INFO ] 2020-06-11 14:12:51.774 Log4j2WithMdcApplication:55 - Starting Log4j2WithMdcApplication on WKWIN4733700 with PID 10468 (C:\Users\rayadity\eclipse-workspace\log4j2-with-MDC\target\classes started by rayadity in C:\Users\rayadity\eclipse-workspace\log4j2-with-MDC)
[INFO ] 2020-06-11 14:12:51.784 Log4j2WithMdcApplication:651 - No active profile set, falling back to default profiles: default
[INFO ] 2020-06-11 14:12:53.069 Log4j2WithMdcApplication:61 - Started Log4j2WithMdcApplication in 1.986 seconds (JVM running for 6.412)
[INFO ] 2020-06-11 14:12:53.078 Log4j2WithMdcApplication:15 - Logging in main class
[INFO ] 2020-06-11 14:12:53.084 NonRootClass:12 - Inside NonRootClass
[INFO ] 2020-06-11 14:12:53.085 Log4j2WithMdcApplication:19 - Completed another class
[INFO ] 2020-06-11 14:13:49.731 Log4j2WithMdcApplication:55 - Starting Log4j2WithMdcApplication on WKWIN4733700 with PID 102060 (C:\Users\rayadity\eclipse-workspace\log4j2-with-MDC\target\classes started by rayadity in C:\Users\rayadity\eclipse-workspace\log4j2-with-MDC)
[INFO ] 2020-06-11 14:13:49.744 Log4j2WithMdcApplication:651 - No active profile set, falling back to default profiles: default
[INFO ] 2020-06-11 14:13:50.952 Log4j2WithMdcApplication:61 - Started Log4j2WithMdcApplication in 1.903 seconds (JVM running for 5.867)
[INFO ] 2020-06-11 14:13:50.966 Log4j2WithMdcApplication:15 - Logging in main class
[INFO ] 2020-06-11 14:13:50.969 Log4j2WithMdcApplication:19 - Completed another class
[INFO ] 2020-06-11 14:14:09.435 Log4j2WithMdcApplication:55 - Starting Log4j2WithMdcApplication on WKWIN4733700 with PID 96732 (C:\Users\rayadity\eclipse-workspace\log4j2-with-MDC\target\classes started by rayadity in C:\Users\rayadity\eclipse-workspace\log4j2-with-MDC)
[INFO ] 2020-06-11 14:14:09.446 Log4j2WithMdcApplication:651 - No active profile set, falling back to default profiles: default
[INFO ] 2020-06-11 14:14:10.848 Log4j2WithMdcApplication:61 - Started Log4j2WithMdcApplication in 1.847 seconds (JVM running for 5.19)
[INFO ] 2020-06-11 14:14:10.857 Log4j2WithMdcApplication:15 - Logging in main class
[INFO ] 2020-06-11 14:14:10.857 NonRootClass:12 - Inside NonRootClass
[INFO ] 2020-06-11 14:14:10.862 Log4j2WithMdcApplication:19 - Completed another class
[INFO ] 2020-06-11 14:14:39.330 Log4j2WithMdcApplication:55 - Starting Log4j2WithMdcApplication on WKWIN4733700 with PID 41432 (C:\Users\rayadity\eclipse-workspace\log4j2-with-MDC\target\classes started by rayadity in C:\Users\rayadity\eclipse-workspace\log4j2-with-MDC)
[INFO ] 2020-06-11 14:14:39.349 Log4j2WithMdcApplication:651 - No active profile set, falling back to default profiles: default
[INFO ] 2020-06-11 14:14:40.809 Log4j2WithMdcApplication:61 - Started Log4j2WithMdcApplication in 2.199 seconds (JVM running for 5.975)
[INFO ] 2020-06-11 14:14:40.829 Log4j2WithMdcApplication:15 - Logging in main class
[INFO ] 2020-06-11 14:14:40.830 NonRootClass:12 - Inside NonRootClass
[INFO ] 2020-06-11 14:14:40.830 Log4j2WithMdcApplication:19 - Completed another class
[INFO ] 2020-06-11 14:23:53.373 Log4j2WithMdcApplication:55 - Starting Log4j2WithMdcApplication on WKWIN4733700 with PID 51376 (C:\Users\rayadity\eclipse-workspace\log4j2-with-MDC\target\classes started by rayadity in C:\Users\rayadity\eclipse-workspace\log4j2-with-MDC)
[INFO ] 2020-06-11 14:23:53.403 Log4j2WithMdcApplication:651 - No active profile set, falling back to default profiles: default
[INFO ] 2020-06-11 14:23:55.194 Log4j2WithMdcApplication:61 - Started Log4j2WithMdcApplication in 2.818 seconds (JVM running for 8.932)
[INFO ] 2020-06-11 14:23:55.206 Log4j2WithMdcApplication:15 - Logging in main class
[INFO ] 2020-06-11 14:23:55.216 NonRootClass:12 - Inside NonRootClass
[INFO ] 2020-06-11 14:23:55.217 Log4j2WithMdcApplication:19 - Completed another class
[INFO ] 2020-06-11 14:25:16.878 Log4j2WithMdcApplication:55 - Starting Log4j2WithMdcApplication on WKWIN4733700 with PID 79876 (C:\Users\rayadity\eclipse-workspace\log4j2-with-MDC\target\classes started by rayadity in C:\Users\rayadity\eclipse-workspace\log4j2-with-MDC)
[INFO ] 2020-06-11 14:25:16.897 Log4j2WithMdcApplication:651 - No active profile set, falling back to default profiles: default
[INFO ] 2020-06-11 14:25:18.426 Log4j2WithMdcApplication:61 - Started Log4j2WithMdcApplication in 2.505 seconds (JVM running for 6.439)
[INFO ] 2020-06-11 14:25:18.431 Log4j2WithMdcApplication:15 - Logging in main class
[INFO ] 2020-06-11 14:25:18.433 NonRootClass:12 - Inside NonRootClass
[INFO ] 2020-06-11 14:25:18.434 Log4j2WithMdcApplication:19 - Completed another class
[INFO ] 2020-06-11 14:25:41.099 Log4j2WithMdcApplication:55 - Starting Log4j2WithMdcApplication on WKWIN4733700 with PID 83636 (C:\Users\rayadity\eclipse-workspace\log4j2-with-MDC\target\classes started by rayadity in C:\Users\rayadity\eclipse-workspace\log4j2-with-MDC)
[INFO ] 2020-06-11 14:25:41.113 Log4j2WithMdcApplication:651 - No active profile set, falling back to default profiles: default
[INFO ] 2020-06-11 14:25:42.427 Log4j2WithMdcApplication:61 - Started Log4j2WithMdcApplication in 2.175 seconds (JVM running for 6.422)
[INFO ] 2020-06-11 14:25:42.434 Log4j2WithMdcApplication:15 - Logging in main class
[INFO ] 2020-06-11 14:25:42.434 NonRootClass:12 - Inside NonRootClass
[INFO ] 2020-06-11 14:25:42.438 Log4j2WithMdcApplication:19 - Completed another class
[INFO ] 2020-06-11 14:26:56.365 Log4j2WithMdcApplication:55 - Starting Log4j2WithMdcApplication on WKWIN4733700 with PID 46304 (C:\Users\rayadity\eclipse-workspace\log4j2-with-MDC\target\classes started by rayadity in C:\Users\rayadity\eclipse-workspace\log4j2-with-MDC)
[INFO ] 2020-06-11 14:26:56.385 Log4j2WithMdcApplication:651 - No active profile set, falling back to default profiles: default
[INFO ] 2020-06-11 14:26:57.703 Log4j2WithMdcApplication:61 - Started Log4j2WithMdcApplication in 2.374 seconds (JVM running for 7.876)
[INFO ] 2020-06-11 14:26:57.709 Log4j2WithMdcApplication:15 - Logging in main class
[INFO ] 2020-06-11 14:26:57.712 NonRootClass:12 - Inside NonRootClass
[INFO ] 2020-06-11 14:26:57.713 Log4j2WithMdcApplication:19 - Completed another class
[INFO ] 2020-06-11 14:27:33.707 Log4j2WithMdcApplication:55 - Starting Log4j2WithMdcApplication on WKWIN4733700 with PID 83176 (C:\Users\rayadity\eclipse-workspace\log4j2-with-MDC\target\classes started by rayadity in C:\Users\rayadity\eclipse-workspace\log4j2-with-MDC)
[INFO ] 2020-06-11 14:27:33.713 Log4j2WithMdcApplication:651 - No active profile set, falling back to default profiles: default
[INFO ] 2020-06-11 14:27:34.918 Log4j2WithMdcApplication:61 - Started Log4j2WithMdcApplication in 2.04 seconds (JVM running for 8.052)
[INFO ] 2020-06-11 14:27:34.927 Log4j2WithMdcApplication:15 - Logging in main class
[INFO ] 2020-06-11 14:27:34.929 NonRootClass:12 - Inside NonRootClass
[INFO ] 2020-06-11 14:27:34.930 Log4j2WithMdcApplication:19 - Completed another class
[INFO ] 2020-06-11 14:48:50.020 Log4j2WithMdcApplication:55 - Starting Log4j2WithMdcApplication on WKWIN4733700 with PID 42564 (C:\Users\rayadity\eclipse-workspace\log4j2-with-MDC\target\classes started by rayadity in C:\Users\rayadity\eclipse-workspace\log4j2-with-MDC)
[INFO ] 2020-06-11 14:48:50.025 Log4j2WithMdcApplication:651 - No active profile set, falling back to default profiles: default
[INFO ] 2020-06-11 14:48:51.139 Log4j2WithMdcApplication:61 - Started Log4j2WithMdcApplication in 2.056 seconds (JVM running for 6.584)
[INFO ] 2020-06-11 14:48:51.153 Log4j2WithMdcApplication:15 - Logging in main class
[INFO ] 2020-06-11 14:48:51.155 NonRootClass:12 - Inside NonRootClass
[INFO ] 2020-06-11 14:48:51.156 Log4j2WithMdcApplication:19 - Completed another class
[INFO ] 2020-06-11 14:49:23.256 Log4j2WithMdcApplication:55 - Starting Log4j2WithMdcApplication on WKWIN4733700 with PID 63028 (C:\Users\rayadity\eclipse-workspace\log4j2-with-MDC\target\classes started by rayadity in C:\Users\rayadity\eclipse-workspace\log4j2-with-MDC)
[INFO ] 2020-06-11 14:49:23.274 Log4j2WithMdcApplication:651 - No active profile set, falling back to default profiles: default
[INFO ] 2020-06-11 14:49:24.463 Log4j2WithMdcApplication:61 - Started Log4j2WithMdcApplication in 1.97 seconds (JVM running for 6.672)
[INFO ] 2020-06-11 14:49:24.469 Log4j2WithMdcApplication:15 - Logging in main class
[INFO ] 2020-06-11 14:49:24.472 NonRootClass:12 - Inside NonRootClass
[INFO ] 2020-06-11 14:49:24.472 Log4j2WithMdcApplication:19 - Completed another class
[INFO ] 2020-06-11 14:49:41.363 Log4j2WithMdcApplication:55 - Starting Log4j2WithMdcApplication on WKWIN4733700 with PID 51300 (C:\Users\rayadity\eclipse-workspace\log4j2-with-MDC\target\classes started by rayadity in C:\Users\rayadity\eclipse-workspace\log4j2-with-MDC)
[INFO ] 2020-06-11 14:49:41.371 Log4j2WithMdcApplication:651 - No active profile set, falling back to default profiles: default
[INFO ] 2020-06-11 14:49:42.080 Log4j2WithMdcApplication:61 - Started Log4j2WithMdcApplication in 1.463 seconds (JVM running for 5.838)
[INFO ] 2020-06-11 14:49:42.090 Log4j2WithMdcApplication:15 - Logging in main class
[INFO ] 2020-06-11 14:49:42.097 NonRootClass:12 - Inside NonRootClass
[INFO ] 2020-06-11 14:49:42.097 Log4j2WithMdcApplication:19 - Completed another class
[INFO ] 2020-06-11 14:50:17.837 Log4j2WithMdcApplication:55 - Starting Log4j2WithMdcApplication on WKWIN4733700 with PID 86024 (C:\Users\rayadity\eclipse-workspace\log4j2-with-MDC\target\classes started by rayadity in C:\Users\rayadity\eclipse-workspace\log4j2-with-MDC)
[INFO ] 2020-06-11 14:50:17.858 Log4j2WithMdcApplication:651 - No active profile set, falling back to default profiles: default
[INFO ] 2020-06-11 14:50:19.230 Log4j2WithMdcApplication:61 - Started Log4j2WithMdcApplication in 2.531 seconds (JVM running for 7.505)
[INFO ] 2020-06-11 14:50:19.246 Log4j2WithMdcApplication:15 - Logging in main class
[INFO ] 2020-06-11 14:50:19.252 NonRootClass:12 - Inside NonRootClass
[INFO ] 2020-06-11 14:50:19.253 Log4j2WithMdcApplication:19 - Completed another class
[INFO ] 2020-06-11 18:25:38.926 Log4j2WithMdcApplication:55 - Starting Log4j2WithMdcApplication on WKWIN4733700 with PID 88464 (C:\Users\rayadity\eclipse-workspace\log4j2-with-MDC\target\classes started by rayadity in C:\Users\rayadity\eclipse-workspace\log4j2-with-MDC)
[INFO ] 2020-06-11 18:25:38.932 Log4j2WithMdcApplication:651 - No active profile set, falling back to default profiles: default
[INFO ] 2020-06-11 18:25:39.898 Log4j2WithMdcApplication:61 - Started Log4j2WithMdcApplication in 1.592 seconds (JVM running for 5.03)
[INFO ] 2020-06-11 18:25:39.905 Log4j2WithMdcApplication:15 - Logging in main class
[INFO ] 2020-06-11 18:25:39.907 NonRootClass:12 - Inside NonRootClass
[INFO ] 2020-06-11 18:25:39.908 Log4j2WithMdcApplication:19 - Completed another class
[INFO ] 2020-06-13 20:22:42.350 LogbackWithMdcApplication:55 - Starting LogbackWithMdcApplication on WKWIN4733700 with PID 89380 (C:\mywork\learnings\target\classes started by rayadity in C:\mywork\learnings)
[INFO ] 2020-06-13 20:22:42.355 LogbackWithMdcApplication:651 - No active profile set, falling back to default profiles: default
[INFO ] 2020-06-13 20:22:42.959 LogbackWithMdcApplication:61 - Started LogbackWithMdcApplication in 0.933 seconds (JVM running for 3.59)
[INFO ] 2020-06-13 20:22:42.963 LogbackWithMdcApplication:15 - Logging in main class
[INFO ] 2020-06-13 20:22:42.964 NonRootClass:12 - Inside NonRootClass
[INFO ] 2020-06-13 20:22:42.965 LogbackWithMdcApplication:19 - Completed another class
